<?xml version="1.0" encoding="UTF-8"?>
<testng-results ignored="0" total="2" passed="2" failed="0" skipped="0">
  <reporter-output>
  </reporter-output>
  <suite started-at="2018-10-06T20:06:39Z" name="Suite" finished-at="2018-10-06T20:09:02Z" duration-ms="142724">
    <groups>
    </groups>
    <test started-at="2018-10-06T20:06:39Z" name="Amazon" finished-at="2018-10-06T20:09:02Z" duration-ms="142724">
      <class name="script.Search">
        <test-method is-config="true" signature="drive()[pri:0, instance:script.Search@741a8937]" started-at="2018-10-06T20:07:54Z" name="drive" finished-at="2018-10-06T20:08:13Z" duration-ms="19261" status="PASS">
          <reporter-output>
          </reporter-output>
        </test-method> <!-- drive -->
        <test-method signature="look()[pri:1, instance:script.Search@741a8937]" started-at="2018-10-06T20:08:13Z" name="look" finished-at="2018-10-06T20:09:00Z" duration-ms="46985" status="PASS">
          <reporter-output>
          </reporter-output>
        </test-method> <!-- look -->
        <test-method is-config="true" signature="closeapp()[pri:0, instance:script.Search@741a8937]" started-at="2018-10-06T20:09:00Z" name="closeapp" finished-at="2018-10-06T20:09:02Z" duration-ms="1472" status="PASS">
          <reporter-output>
          </reporter-output>
        </test-method> <!-- closeapp -->
      </class> <!-- script.Search -->
      <class name="script.Login">
        <test-method is-config="true" signature="drive()[pri:0, instance:script.Login@5ba3f27a]" started-at="2018-10-06T20:06:39Z" name="drive" finished-at="2018-10-06T20:07:13Z" duration-ms="34232" status="PASS">
          <reporter-output>
          </reporter-output>
        </test-method> <!-- drive -->
        <test-method signature="log()[pri:0, instance:script.Login@5ba3f27a]" started-at="2018-10-06T20:07:13Z" name="log" finished-at="2018-10-06T20:07:51Z" duration-ms="37970" status="PASS">
          <reporter-output>
          </reporter-output>
        </test-method> <!-- log -->
        <test-method is-config="true" signature="closeapp()[pri:0, instance:script.Login@5ba3f27a]" started-at="2018-10-06T20:07:51Z" name="closeapp" finished-at="2018-10-06T20:07:54Z" duration-ms="2765" status="PASS">
          <reporter-output>
          </reporter-output>
        </test-method> <!-- closeapp -->
      </class> <!-- script.Login -->
    </test> <!-- Amazon -->
  </suite> <!-- Suite -->
</testng-results>
